d:\project\breakoutgame\breakoutgame\debug\vc142.pdb
d:\project\breakoutgame\breakoutgame\debug\vc142.idb
d:\project\breakoutgame\breakoutgame\debug\glad.obj
d:\project\breakoutgame\breakoutgame\debug\texture.obj
d:\project\breakoutgame\breakoutgame\debug\sprite_renderer.obj
d:\project\breakoutgame\breakoutgame\debug\shader.obj
d:\project\breakoutgame\breakoutgame\debug\program.obj
d:\project\breakoutgame\breakoutgame\debug\post_processor.obj
d:\project\breakoutgame\breakoutgame\debug\particle_generator.obj
d:\project\breakoutgame\breakoutgame\debug\game_object.obj
d:\project\breakoutgame\breakoutgame\debug\game_level.obj
d:\project\breakoutgame\breakoutgame\debug\ball_object.obj
d:\project\breakoutgame\breakoutgame\debug\game.obj
d:\project\breakoutgame\breakoutgame\debug\resource_manager.obj
d:\project\breakoutgame\breakoutgame\debug\ball_object_collisions.obj
d:\project\breakoutgame\breakoutgame\debug\text_renderer.obj
d:\project\breakoutgame\debug\breakoutgame.exe
d:\project\breakoutgame\debug\breakoutgame.ilk
d:\project\breakoutgame\debug\breakoutgame.pdb
d:\project\breakoutgame\breakoutgame\debug\breakoutgame.tlog\cl.command.1.tlog
d:\project\breakoutgame\breakoutgame\debug\breakoutgame.tlog\cl.read.1.tlog
d:\project\breakoutgame\breakoutgame\debug\breakoutgame.tlog\cl.write.1.tlog
d:\project\breakoutgame\breakoutgame\debug\breakoutgame.tlog\link.command.1.tlog
d:\project\breakoutgame\breakoutgame\debug\breakoutgame.tlog\link.read.1.tlog
d:\project\breakoutgame\breakoutgame\debug\breakoutgame.tlog\link.write.1.tlog
